<?xml version="1.0" encoding="UTF-8"?>
<!-- Generated by org.testng.reporters.JUnitReportReporter -->
<testsuite skipped="0" hostname="Z1R3P2" name="com.maven.POMworking.SecondClass" tests="1" failures="0" timestamp="10 Aug 2018 09:32:45 GMT" time="0.010" errors="0">
  <testcase name="xmlCheck1" time="0.010" classname="com.maven.POMworking.SecondClass"/>
</testsuite> <!-- com.maven.POMworking.SecondClass -->
